2019-12-03 15:03:25,863 INFO p.BasePage [main] Base Url is set https://google.com
2019-12-03 15:03:25,872 INFO p.BasePage [main] Browser value is  chrome
2019-12-03 15:03:29,004 INFO u.DriverUtils [main] Chrome Driver is instantiated
2019-12-03 15:03:30,855 INFO p.BasePage [main] Driver is instantiated and base URL is loaded
2019-12-03 15:03:30,975 DEBUG u.HomePageTest [main] Before calling the search
2019-12-03 15:03:31,459 INFO p.HomePage [main] Search element is located
2019-12-03 15:03:32,872 INFO p.HomePage [main] Search value is submitted
2019-12-03 15:03:32,872 INFO u.HomePageTest [main] Search is completed
2019-12-03 15:23:05,127 INFO p.BasePage [main] Base Url is set https://google.com
2019-12-03 15:23:05,139 INFO p.BasePage [main] Browser value is  chrome
2019-12-03 15:23:08,637 INFO u.DriverUtils [main] Chrome Driver is instantiated
2019-12-03 15:23:11,278 INFO p.BasePage [main] Driver is instantiated and base URL is loaded
2019-12-03 15:23:11,371 DEBUG u.HomePageTest [main] Before calling the search
2019-12-03 15:23:11,930 INFO p.HomePage [main] Search element is located
2019-12-03 15:23:13,321 INFO p.HomePage [main] Search value is submitted
2019-12-03 15:23:13,322 INFO u.HomePageTest [main] Search is completed
2019-12-03 15:24:37,079 INFO p.BasePage [main] Base Url is set null
2019-12-03 15:24:37,084 INFO p.BasePage [main] Browser value is  null
2019-12-03 15:24:37,317 DEBUG u.HomePageTest [main] Before calling the search
2019-12-03 15:25:08,976 INFO p.BasePage [main] Base Url is set null
2019-12-03 15:25:09,015 INFO p.BasePage [main] Browser value is  null
2019-12-03 15:25:09,151 DEBUG u.HomePageTest [main] Before calling the search
2019-12-03 15:25:48,475 INFO p.BasePage [main] Base Url is set null
2019-12-03 15:25:48,502 INFO p.BasePage [main] Browser value is  null
2019-12-03 15:25:48,648 DEBUG u.HomePageTest [main] Before calling the search
2019-12-03 15:35:36,277 INFO p.BasePage [main] Base Url is set https://google.com
2019-12-03 15:35:36,335 INFO p.BasePage [main] Browser value is  chrome
2019-12-03 15:35:39,615 INFO u.DriverUtils [main] Chrome Driver is instantiated
2019-12-03 15:35:41,453 INFO p.BasePage [main] Driver is instantiated and base URL is loaded
2019-12-03 15:35:41,569 DEBUG u.HomePageTest [main] Before calling the search
2019-12-03 15:35:42,060 INFO p.HomePage [main] Search element is located
2019-12-03 15:35:43,989 INFO p.HomePage [main] Search value is submitted
2019-12-03 15:35:43,990 INFO u.HomePageTest [main] Search is completed
